客户端/QtShareBike9/android-build/build/intermediates/manifest_merge_blame_file/debug/manifest-merger-blame-debug-report.txt
1<?xml version="1.0" encoding="utf-8"?>
2<manifest xmlns:android="http://schemas.android.com/apk/res/android"
3    package="an.qt.qtWithJava"
4    android:installLocation="auto"
5    android:versionCode="1"
6    android:versionName="1.0" >
7
8    <uses-sdk
8-->QtShareBike2\android-build\AndroidManifest.xml:3:5-73
9        android:minSdkVersion="21"
9-->QtShareBike2\android-build\AndroidManifest.xml:3:15-41
10        android:targetSdkVersion="28" />
10-->QtShareBike2\android-build\AndroidManifest.xml:3:42-71
11
12    <!--
13         The following comment will be replaced upon deployment with default permissions based on the dependencies of the application.
14         Remove the comment if you do not require these default permissions.
15    -->
16    <uses-permission android:name="android.permission.INTERNET" />
16-->QtShareBike2\android-build\AndroidManifest.xml:7:5-67
16-->QtShareBike2\android-build\AndroidManifest.xml:7:22-64
17    <uses-permission android:name="android.permission.WRITE_EXTERNAL_STORAGE" />
17-->QtShareBike2\android-build\AndroidManifest.xml:8:5-81
17-->QtShareBike2\android-build\AndroidManifest.xml:8:22-78
18    <uses-permission android:name="android.permission.ACCESS_NETWORK_STATE" />
18-->QtShareBike2\android-build\AndroidManifest.xml:9:5-79
18-->QtShareBike2\android-build\AndroidManifest.xml:9:22-76
19    <uses-permission android:name="android.permission.ACCESS_FINE_LOCATION" />
19-->QtShareBike2\android-build\AndroidManifest.xml:10:5-79
19-->QtShareBike2\android-build\AndroidManifest.xml:10:22-76
20
21    <!--
22         The following comment will be replaced upon deployment with default features based on the dependencies of the application.
23         Remove the comment if you do not require these default features.
24    -->
25
26    <supports-screens
26-->QtShareBike2\android-build\AndroidManifest.xml:16:5-135
27        android:anyDensity="true"
27-->QtShareBike2\android-build\AndroidManifest.xml:16:80-105
28        android:largeScreens="true"
28-->QtShareBike2\android-build\AndroidManifest.xml:16:23-50
29        android:normalScreens="true"
29-->QtShareBike2\android-build\AndroidManifest.xml:16:51-79
30        android:smallScreens="true" />
30-->QtShareBike2\android-build\AndroidManifest.xml:16:106-133
31
32    <uses-permission android:name="android.permission.ACCESS_CHECKIN_PROPERTIES" />
32-->QtShareBike2\android-build\AndroidManifest.xml:90:1-79
32-->QtShareBike2\android-build\AndroidManifest.xml:90:18-77
33    <uses-permission android:name="android.permission.ACCESS_FINE_LOCATION" />
33-->QtShareBike2\android-build\AndroidManifest.xml:10:5-79
33-->QtShareBike2\android-build\AndroidManifest.xml:10:22-76
34    <uses-permission android:name="android.permission.ACCESS_COARSE_LOCATION" />
34-->QtShareBike2\android-build\AndroidManifest.xml:92:5-80
34-->QtShareBike2\android-build\AndroidManifest.xml:92:22-78
35    <uses-permission android:name="android.permission.READ_EXTERNAL_STORAGE" />
35-->QtShareBike2\android-build\AndroidManifest.xml:93:1-75
35-->QtShareBike2\android-build\AndroidManifest.xml:93:18-73
36    <uses-permission android:name="android.permission.WRITE_EXTERNAL_STORAGE" />
36-->QtShareBike2\android-build\AndroidManifest.xml:8:5-81
36-->QtShareBike2\android-build\AndroidManifest.xml:8:22-78
37    <uses-permission android:name="android.permission.CAMERA" />
37-->QtShareBike2\android-build\AndroidManifest.xml:95:5-64
37-->QtShareBike2\android-build\AndroidManifest.xml:95:22-62
38
39    <application
39-->QtShareBike2\android-build\AndroidManifest.xml:18:5-88:19
40        android:name="org.qtproject.qt5.android.bindings.QtApplication"
40-->QtShareBike2\android-build\AndroidManifest.xml:18:53-116
41        android:debuggable="true"
42        android:extractNativeLibs="true"
42-->QtShareBike2\android-build\AndroidManifest.xml:18:139-171
43        android:hardwareAccelerated="true"
43-->QtShareBike2\android-build\AndroidManifest.xml:18:18-52
44        android:label="共享单车2" >
44-->QtShareBike2\android-build\AndroidManifest.xml:18:117-138
45        <activity
45-->QtShareBike2\android-build\AndroidManifest.xml:19:9-84:16
46            android:name="org.qtproject.qt5.android.bindings.QtActivity"
46-->QtShareBike2\android-build\AndroidManifest.xml:19:189-249
47            android:configChanges="orientation|uiMode|screenLayout|screenSize|smallestScreenSize|layoutDirection|locale|fontScale|keyboard|keyboardHidden|navigation|mcc|mnc|density"
47-->QtShareBike2\android-build\AndroidManifest.xml:19:19-188
48            android:label="共享单车2"
48-->QtShareBike2\android-build\AndroidManifest.xml:19:250-271
49            android:launchMode="singleTop"
49-->QtShareBike2\android-build\AndroidManifest.xml:19:312-342
50            android:screenOrientation="unspecified" >
50-->QtShareBike2\android-build\AndroidManifest.xml:19:272-311
51            <intent-filter>
51-->QtShareBike2\android-build\AndroidManifest.xml:20:13-23:29
52                <action android:name="android.intent.action.MAIN" />
52-->QtShareBike2\android-build\AndroidManifest.xml:21:17-68
52-->QtShareBike2\android-build\AndroidManifest.xml:21:25-66
53
54                <category android:name="android.intent.category.LAUNCHER" />
54-->QtShareBike2\android-build\AndroidManifest.xml:22:17-76
54-->QtShareBike2\android-build\AndroidManifest.xml:22:27-74
55            </intent-filter>
56
57            <!-- Application arguments -->
58            <!-- meta-data android:name="android.app.arguments" android:value="arg1 arg2 arg3"/ -->
59            <!-- Application arguments -->
60
61            <meta-data
61-->QtShareBike2\android-build\AndroidManifest.xml:29:13-90
62                android:name="android.app.lib_name"
62-->QtShareBike2\android-build\AndroidManifest.xml:29:24-59
63                android:value="QtShareBike2" />
63-->QtShareBike2\android-build\AndroidManifest.xml:29:60-88
64            <meta-data
64-->QtShareBike2\android-build\AndroidManifest.xml:30:13-112
65                android:name="android.app.qt_sources_resource_id"
65-->QtShareBike2\android-build\AndroidManifest.xml:30:24-73
66                android:resource="@array/qt_sources" />
66-->QtShareBike2\android-build\AndroidManifest.xml:30:74-110
67            <meta-data
67-->QtShareBike2\android-build\AndroidManifest.xml:31:13-87
68                android:name="android.app.repository"
68-->QtShareBike2\android-build\AndroidManifest.xml:31:24-61
69                android:value="default" />
69-->QtShareBike2\android-build\AndroidManifest.xml:31:62-85
70            <meta-data
70-->QtShareBike2\android-build\AndroidManifest.xml:32:13-106
71                android:name="android.app.qt_libs_resource_id"
71-->QtShareBike2\android-build\AndroidManifest.xml:32:24-70
72                android:resource="@array/qt_libs" />
72-->QtShareBike2\android-build\AndroidManifest.xml:32:71-104
73            <meta-data
73-->QtShareBike2\android-build\AndroidManifest.xml:33:13-116
74                android:name="android.app.bundled_libs_resource_id"
74-->QtShareBike2\android-build\AndroidManifest.xml:33:24-75
75                android:resource="@array/bundled_libs" />
75-->QtShareBike2\android-build\AndroidManifest.xml:33:76-114
76            <!-- Deploy Qt libs as part of package -->
77            <meta-data
77-->QtShareBike2\android-build\AndroidManifest.xml:35:13-91
78                android:name="android.app.bundle_local_qt_libs"
78-->QtShareBike2\android-build\AndroidManifest.xml:35:24-71
79                android:value="1" />
79-->QtShareBike2\android-build\AndroidManifest.xml:35:72-89
80
81            <!-- Run with local libs -->
82            <meta-data
82-->QtShareBike2\android-build\AndroidManifest.xml:38:13-88
83                android:name="android.app.use_local_qt_libs"
83-->QtShareBike2\android-build\AndroidManifest.xml:38:24-68
84                android:value="1" />
84-->QtShareBike2\android-build\AndroidManifest.xml:38:69-86
85            <meta-data
85-->QtShareBike2\android-build\AndroidManifest.xml:39:13-100
86                android:name="android.app.libs_prefix"
86-->QtShareBike2\android-build\AndroidManifest.xml:39:24-62
87                android:value="/data/local/tmp/qt/" />
87-->QtShareBike2\android-build\AndroidManifest.xml:39:63-98
88            <meta-data
88-->QtShareBike2\android-build\AndroidManifest.xml:40:13-122
89                android:name="android.app.load_local_libs_resource_id"
89-->QtShareBike2\android-build\AndroidManifest.xml:40:24-78
90                android:resource="@array/load_local_libs" />
90-->QtShareBike2\android-build\AndroidManifest.xml:40:79-120
91            <meta-data
91-->QtShareBike2\android-build\AndroidManifest.xml:41:13-151
92                android:name="android.app.load_local_jars"
92-->QtShareBike2\android-build\AndroidManifest.xml:41:24-66
93                android:value="jar/QtAndroid.jar:jar/QtAndroidBearer.jar:jar/QtAndroidWebView.jar" />
93-->QtShareBike2\android-build\AndroidManifest.xml:41:67-149
94            <meta-data
94-->QtShareBike2\android-build\AndroidManifest.xml:42:13-89
95                android:name="android.app.static_init_classes"
95-->QtShareBike2\android-build\AndroidManifest.xml:42:24-70
96                android:value="" />
96-->QtShareBike2\android-build\AndroidManifest.xml:42:71-87
97            <!-- Used to specify custom system library path to run with local system libs -->
98            <!-- <meta-data android:name="android.app.system_libs_prefix" android:value="/system/lib/"/> -->
99            <!-- Messages maps -->
100            <meta-data
100-->QtShareBike2\android-build\AndroidManifest.xml:46:13-122
101                android:name="android.app.ministro_not_found_msg"
101-->QtShareBike2\android-build\AndroidManifest.xml:46:71-120
102                android:value="@string/ministro_not_found_msg" />
102-->QtShareBike2\android-build\AndroidManifest.xml:46:24-70
103            <meta-data
103-->QtShareBike2\android-build\AndroidManifest.xml:47:13-116
104                android:name="android.app.ministro_needed_msg"
104-->QtShareBike2\android-build\AndroidManifest.xml:47:68-114
105                android:value="@string/ministro_needed_msg" />
105-->QtShareBike2\android-build\AndroidManifest.xml:47:24-67
106            <meta-data
106-->QtShareBike2\android-build\AndroidManifest.xml:48:13-108
107                android:name="android.app.fatal_error_msg"
107-->QtShareBike2\android-build\AndroidManifest.xml:48:64-106
108                android:value="@string/fatal_error_msg" />
108-->QtShareBike2\android-build\AndroidManifest.xml:48:24-63
109            <meta-data
109-->QtShareBike2\android-build\AndroidManifest.xml:49:13-132
110                android:name="android.app.unsupported_android_version"
110-->QtShareBike2\android-build\AndroidManifest.xml:49:76-130
111                android:value="@string/unsupported_android_version" />
111-->QtShareBike2\android-build\AndroidManifest.xml:49:24-75
112            <!-- Messages maps -->
113
114
115            <!-- Splash screen -->
116            <!--
117                 Orientation-specific (portrait/landscape) data is checked first. If not available for current orientation,
118                 then android.app.splash_screen_drawable. For best results, use together with splash_screen_sticky and
119                 use hideSplashScreen() with a fade-out animation from Qt Android Extras to hide the splash screen when you
120                 are done populating your window with content.
121            -->
122            <!-- meta-data android:name="android.app.splash_screen_drawable_portrait" android:resource="@drawable/logo_portrait" / -->
123            <!-- meta-data android:name="android.app.splash_screen_drawable_landscape" android:resource="@drawable/logo_landscape" / -->
124            <!-- meta-data android:name="android.app.splash_screen_drawable" android:resource="@drawable/logo"/ -->
125            <!-- meta-data android:name="android.app.splash_screen_sticky" android:value="true"/ -->
126            <!-- Splash screen -->
127
128
129            <!-- Background running -->
130            <!--
131                 Warning: changing this value to true may cause unexpected crashes if the
132                          application still try to draw after
133                          "applicationStateChanged(Qt::ApplicationSuspended)"
134                          signal is sent!
135            -->
136            <meta-data
136-->QtShareBike2\android-build\AndroidManifest.xml:68:13-93
137                android:name="android.app.background_running"
137-->QtShareBike2\android-build\AndroidManifest.xml:68:24-69
138                android:value="false" />
138-->QtShareBike2\android-build\AndroidManifest.xml:68:70-91
139            <!-- Background running -->
140
141
142            <!-- auto screen scale factor -->
143            <meta-data
143-->QtShareBike2\android-build\AndroidManifest.xml:72:13-99
144                android:name="android.app.auto_screen_scale_factor"
144-->QtShareBike2\android-build\AndroidManifest.xml:72:24-75
145                android:value="false" />
145-->QtShareBike2\android-build\AndroidManifest.xml:72:76-97
146            <!-- auto screen scale factor -->
147
148
149            <!-- extract android style -->
150            <!--
151                 available android:values :
152                * default - In most cases this will be the same as "full", but it can also be something else if needed, e.g., for compatibility reasons
153                * full - useful QWidget & Quick Controls 1 apps
154                * minimal - useful for Quick Controls 2 apps, it is much faster than "full"
155                * none - useful for apps that don't use any of the above Qt modules
156            -->
157            <meta-data
157-->QtShareBike2\android-build\AndroidManifest.xml:82:13-98
158                android:name="android.app.extract_android_style"
158-->QtShareBike2\android-build\AndroidManifest.xml:82:24-72
159                android:value="default" />
159-->QtShareBike2\android-build\AndroidManifest.xml:82:73-96
160            <!-- extract android style -->
161        </activity>
162
163        <!-- For adding service(s) please check: https://wiki.qt.io/AndroidServices -->
164
165    </application>
166
167</manifest>